<?xml version="1.0" encoding="UTF-8"?>
<!-- Generated by org.testng.reporters.JUnitReportReporter -->
<testsuite skipped="0" hostname="Sumit-QA" name="com.iamsath.qa.testcases.LoginPageTest" tests="3" failures="0" timestamp="02 Jan 2021 06:04:15 GMT" time="48.562" errors="0">
  <testcase name="LoginPageTitleTest" time="12.752" classname="com.iamsath.qa.testcases.LoginPageTest"/>
  <testcase name="LoginPageHeaderTest" time="16.245" classname="com.iamsath.qa.testcases.LoginPageTest"/>
  <testcase name="LoginFunctionTest" time="19.565" classname="com.iamsath.qa.testcases.LoginPageTest"/>
</testsuite> <!-- com.iamsath.qa.testcases.LoginPageTest -->
